<?xml version="1.0" encoding="UTF-8"?>
<!-- Generated by org.testng.reporters.JUnitXMLReporter -->
<testsuite hostname="ASDB0010" name="test1" tests="1" failures="1" timestamp="3 Jun 2014 06:41:52 GMT" time="5.072" errors="0">
  <testcase name="@AfterClass afterClass" time="0.0" classname="com.qainfotech.runtest.AutomatedTatocTestngRun">
    <failure type="java.lang.NullPointerException">
      <![CDATA[java.lang.NullPointerException
	at com.qainfotech.testobjects.Browser.closeBrowser(Browser.java:22)
	at com.qainfotech.runtest.BaseFixture.closer(BaseFixture.java:43)
	at com.qainfotech.runtest.AutomatedTatocTestngRun.afterClass(AutomatedTatocTestngRun.java:30)
... Removed 24 stack frames]]>
    </failure>
  </testcase> <!-- @AfterClass afterClass -->
  <testcase name="tetscase1" time="0.966" classname="com.qainfotech.runtest.AutomatedTatocTestngRun">
    <failure type="java.lang.AssertionError" message="Drag - Basic Course - T.A.T.O.C expected [Drag - Basic Course - T.A.T.O.C] but found [Check level 3 title]">
      <![CDATA[java.lang.AssertionError: Drag - Basic Course - T.A.T.O.C expected [Drag - Basic Course - T.A.T.O.C] but found [Check level 3 title]
	at com.qainfotech.testobjects.AutomatesSecondLevel.automatingSecondLevel(AutomatesSecondLevel.java:67)
	at com.qainfotech.runtest.BaseFixture.runTestCases(BaseFixture.java:35)
	at com.qainfotech.runtest.AutomatedTatocTestngRun.tetscase1(AutomatedTatocTestngRun.java:23)
... Removed 28 stack frames]]>
    </failure>
  </testcase> <!-- tetscase1 -->
</testsuite> <!-- test1 -->
