<?xml version="1.0" encoding="UTF-8"?>
<testng-results skipped="0" failed="0" total="1" passed="1">
  <reporter-output>
  </reporter-output>
  <suite name="Suite1" duration-ms="9016" started-at="2014-06-03T04:17:15Z" finished-at="2014-06-03T04:17:24Z">
    <groups>
    </groups>
    <test name="test1" duration-ms="9016" started-at="2014-06-03T04:17:15Z" finished-at="2014-06-03T04:17:24Z">
      <class name="com.qainfotech.runtest.AutomatedTatocTestngRun">
        <test-method status="PASS" signature="beforeClass()[pri:0, instance:com.qainfotech.runtest.AutomatedTatocTestngRun@72fccde]" name="beforeClass" is-config="true" duration-ms="6608" started-at="2014-06-03T09:47:15Z" finished-at="2014-06-03T09:47:22Z">
          <reporter-output>
          </reporter-output>
        </test-method> <!-- beforeClass -->
        <test-method status="PASS" signature="tetscase1()[pri:0, instance:com.qainfotech.runtest.AutomatedTatocTestngRun@72fccde]" name="tetscase1" duration-ms="2388" started-at="2014-06-03T09:47:22Z" finished-at="2014-06-03T09:47:24Z">
          <reporter-output>
          </reporter-output>
        </test-method> <!-- tetscase1 -->
        <test-method status="PASS" signature="afterClass()[pri:0, instance:com.qainfotech.runtest.AutomatedTatocTestngRun@72fccde]" name="afterClass" is-config="true" duration-ms="7" started-at="2014-06-03T09:47:24Z" finished-at="2014-06-03T09:47:24Z">
          <reporter-output>
          </reporter-output>
        </test-method> <!-- afterClass -->
      </class> <!-- com.qainfotech.runtest.AutomatedTatocTestngRun -->
    </test> <!-- test1 -->
  </suite> <!-- Suite1 -->
</testng-results>
